Traceback (most recent call last):
  File "C:\Users\jade0001\Miniconda3\envs\dmml1\lib\site-packages\jupyter_cache\executors\utils.py", line 51, in single_nb_execution
    executenb(
  File "C:\Users\jade0001\Miniconda3\envs\dmml1\lib\site-packages\nbclient\client.py", line 1112, in execute
    return NotebookClient(nb=nb, resources=resources, km=km, **kwargs).execute()
  File "C:\Users\jade0001\Miniconda3\envs\dmml1\lib\site-packages\nbclient\util.py", line 74, in wrapped
    return just_run(coro(*args, **kwargs))
  File "C:\Users\jade0001\Miniconda3\envs\dmml1\lib\site-packages\nbclient\util.py", line 53, in just_run
    return loop.run_until_complete(coro)
  File "C:\Users\jade0001\Miniconda3\envs\dmml1\lib\asyncio\base_events.py", line 642, in run_until_complete
    return future.result()
  File "C:\Users\jade0001\Miniconda3\envs\dmml1\lib\site-packages\nbclient\client.py", line 553, in async_execute
    await self.async_execute_cell(
  File "C:\Users\jade0001\Miniconda3\envs\dmml1\lib\site-packages\nbclient\client.py", line 857, in async_execute_cell
    self._check_raise_for_error(cell, exec_reply)
  File "C:\Users\jade0001\Miniconda3\envs\dmml1\lib\site-packages\nbclient\client.py", line 760, in _check_raise_for_error
    raise CellExecutionError.from_cell_and_msg(cell, exec_reply_content)
nbclient.exceptions.CellExecutionError: An error occurred while executing the following cell:
------------------
import plotly.graph_objects as go
import numpy as np

x = np.arange(-4,4,0.1)
y = np.arange(-4,4,0.1)
X,Y = np.meshgrid(x,y)
z = -np.sin(X*Y)

fig = go.Figure(go.Surface(x=x,y=y,z=z), colorscale="Viridis")
fig.update_layout( autosize=True, height=250,
                  margin=go.layout.Margin(l=0, r=0, b=0, t=0))
------------------

[1;31m---------------------------------------------------------------------------[0m
[1;31mTypeError[0m                                 Traceback (most recent call last)
Cell [1;32mIn[1], line 9[0m
[0;32m      6[0m X,Y [38;5;241m=[39m np[38;5;241m.[39mmeshgrid(x,y)
[0;32m      7[0m z [38;5;241m=[39m [38;5;241m-[39mnp[38;5;241m.[39msin(X[38;5;241m*[39mY)
[1;32m----> 9[0m fig [38;5;241m=[39m [43mgo[49m[38;5;241;43m.[39;49m[43mFigure[49m[43m([49m[43mgo[49m[38;5;241;43m.[39;49m[43mSurface[49m[43m([49m[43mx[49m[38;5;241;43m=[39;49m[43mx[49m[43m,[49m[43my[49m[38;5;241;43m=[39;49m[43my[49m[43m,[49m[43mz[49m[38;5;241;43m=[39;49m[43mz[49m[43m)[49m[43m,[49m[43m [49m[43mcolorscale[49m[38;5;241;43m=[39;49m[38;5;124;43m"[39;49m[38;5;124;43mViridis[39;49m[38;5;124;43m"[39;49m[43m)[49m
[0;32m     10[0m fig[38;5;241m.[39mupdate_layout( autosize[38;5;241m=[39m[38;5;28;01mTrue[39;00m, height[38;5;241m=[39m[38;5;241m250[39m,
[0;32m     11[0m                   margin[38;5;241m=[39mgo[38;5;241m.[39mlayout[38;5;241m.[39mMargin(l[38;5;241m=[39m[38;5;241m0[39m, r[38;5;241m=[39m[38;5;241m0[39m, b[38;5;241m=[39m[38;5;241m0[39m, t[38;5;241m=[39m[38;5;241m0[39m))

File [1;32m~\Miniconda3\envs\dmml1\lib\site-packages\plotly\graph_objs\_figure.py:594[0m, in [0;36mFigure.__init__[1;34m(self, data, layout, frames, skip_invalid, **kwargs)[0m
[0;32m      5[0m [38;5;28;01mdef[39;00m [38;5;21m__init__[39m(
[0;32m      6[0m     [38;5;28mself[39m, data[38;5;241m=[39m[38;5;28;01mNone[39;00m, layout[38;5;241m=[39m[38;5;28;01mNone[39;00m, frames[38;5;241m=[39m[38;5;28;01mNone[39;00m, skip_invalid[38;5;241m=[39m[38;5;28;01mFalse[39;00m, [38;5;241m*[39m[38;5;241m*[39mkwargs
[0;32m      7[0m ):
[0;32m      8[0m [38;5;250m    [39m[38;5;124;03m"""[39;00m
[0;32m      9[0m [38;5;124;03m    Create a new :class:Figure instance[39;00m
[0;32m     10[0m 
[1;32m   (...)[0m
[0;32m    592[0m [38;5;124;03m        is invalid AND skip_invalid is False[39;00m
[0;32m    593[0m [38;5;124;03m    """[39;00m
[1;32m--> 594[0m     [38;5;28msuper[39m(Figure, [38;5;28mself[39m)[38;5;241m.[39m[38;5;21m__init__[39m(data, layout, frames, skip_invalid, [38;5;241m*[39m[38;5;241m*[39mkwargs)

File [1;32m~\Miniconda3\envs\dmml1\lib\site-packages\plotly\basedatatypes.py:647[0m, in [0;36mBaseFigure.__init__[1;34m(self, data, layout_plotly, frames, skip_invalid, **kwargs)[0m
[0;32m    640[0m                 type_err [38;5;241m=[39m [38;5;167;01mTypeError[39;00m([38;5;124m"[39m[38;5;124minvalid Figure property: [39m[38;5;132;01m{}[39;00m[38;5;124m"[39m[38;5;241m.[39mformat(k))
[0;32m    641[0m                 type_err[38;5;241m.[39margs [38;5;241m=[39m (
[0;32m    642[0m                     type_err[38;5;241m.[39margs[[38;5;241m0[39m]
[0;32m    643[0m                     [38;5;241m+[39m [38;5;124m"""[39m
[0;32m    644[0m [38;5;132;01m%s[39;00m[38;5;124m"""[39m
[0;32m    645[0m                     [38;5;241m%[39m (err[38;5;241m.[39margs[[38;5;241m0[39m],),
[0;32m    646[0m                 )
[1;32m--> 647[0m                 [38;5;28;01mraise[39;00m type_err

[1;31mTypeError[0m: invalid Figure property: colorscale
colorscale
Bad property path:
colorscale
^^^^^^^^^^
TypeError: invalid Figure property: colorscale
colorscale
Bad property path:
colorscale
^^^^^^^^^^

